<?xml version="1.0" encoding="UTF-8"?>
<coverage generated="1687817768">
  <project timestamp="1687817768">
    <file name="/var/www/html/packages/reedware/laravel-seeders/src/Commands/GenerateCommand.php">
      <class name="Reedware\LaravelSeeders\Commands\GenerateCommand" namespace="global">
        <metrics complexity="5" methods="2" coveredmethods="1" conditionals="0" coveredconditionals="0" statements="15" coveredstatements="13" elements="17" coveredelements="14"/>
      </class>
      <line num="37" type="method" name="__construct" visibility="public" complexity="1" crap="1" count="22"/>
      <line num="39" type="stmt" count="22"/>
      <line num="41" type="stmt" count="22"/>
      <line num="49" type="method" name="handle" visibility="public" complexity="4" crap="4.06" count="4"/>
      <line num="51" type="stmt" count="4"/>
      <line num="52" type="stmt" count="0"/>
      <line num="55" type="stmt" count="4"/>
      <line num="57" type="stmt" count="4"/>
      <line num="59" type="stmt" count="4"/>
      <line num="61" type="stmt" count="4"/>
      <line num="62" type="stmt" count="0"/>
      <line num="64" type="stmt" count="4"/>
      <line num="66" type="stmt" count="4"/>
      <line num="68" type="stmt" count="4"/>
      <line num="69" type="stmt" count="4"/>
      <line num="72" type="stmt" count="4"/>
      <line num="74" type="stmt" count="4"/>
      <metrics loc="77" ncloc="52" classes="1" methods="2" coveredmethods="1" conditionals="0" coveredconditionals="0" statements="15" coveredstatements="13" elements="17" coveredelements="14"/>
    </file>
    <file name="/var/www/html/packages/reedware/laravel-seeders/src/Concerns/BehavesAsResource.php">
      <class name="Reedware\LaravelSeeders\Concerns\BehavesAsResource" namespace="global">
        <metrics complexity="50" methods="24" coveredmethods="22" conditionals="0" coveredconditionals="0" statements="99" coveredstatements="96" elements="123" coveredelements="118"/>
      </class>
      <line num="86" type="method" name="__construct" visibility="public" complexity="2" crap="2" count="22"/>
      <line num="88" type="stmt" count="22"/>
      <line num="96" type="method" name="toStorage" visibility="public" complexity="1" crap="1" count="4"/>
      <line num="98" type="stmt" count="4"/>
      <line num="99" type="stmt" count="4"/>
      <line num="100" type="stmt" count="4"/>
      <line num="108" type="method" name="newStorageQuery" visibility="public" complexity="3" crap="3" count="4"/>
      <line num="111" type="stmt" count="4"/>
      <line num="114" type="stmt" count="4"/>
      <line num="117" type="stmt" count="4"/>
      <line num="118" type="stmt" count="4"/>
      <line num="122" type="stmt" count="4"/>
      <line num="123" type="stmt" count="4"/>
      <line num="127" type="stmt" count="4"/>
      <line num="135" type="method" name="serializeForStorage" visibility="public" complexity="2" crap="2" count="4"/>
      <line num="138" type="stmt" count="4"/>
      <line num="141" type="stmt" count="4"/>
      <line num="142" type="stmt" count="4"/>
      <line num="146" type="stmt" count="4"/>
      <line num="154" type="method" name="toArray" visibility="public" complexity="1" crap="1" count="4"/>
      <line num="156" type="stmt" count="4"/>
      <line num="164" type="method" name="mapAttributes" visibility="public" complexity="1" crap="1" count="4"/>
      <line num="166" type="stmt" count="4"/>
      <line num="168" type="stmt" count="4"/>
      <line num="170" type="stmt" count="4"/>
      <line num="178" type="method" name="mapArrayToJson" visibility="protected" complexity="2" crap="2" count="4"/>
      <line num="180" type="stmt" count="4"/>
      <line num="181" type="stmt" count="4"/>
      <line num="182" type="stmt" count="4"/>
      <line num="190" type="method" name="mapBooleanToString" visibility="protected" complexity="3" crap="3.21" count="4"/>
      <line num="192" type="stmt" count="4"/>
      <line num="193" type="stmt" count="4"/>
      <line num="194" type="stmt" count="0"/>
      <line num="195" type="stmt" count="4"/>
      <line num="196" type="stmt" count="0"/>
      <line num="198" type="stmt" count="4"/>
      <line num="200" type="stmt" count="4"/>
      <line num="208" type="method" name="mapSoftDeletes" visibility="protected" complexity="2" crap="2" count="4"/>
      <line num="210" type="stmt" count="4"/>
      <line num="211" type="stmt" count="3"/>
      <line num="214" type="stmt" count="1"/>
      <line num="216" type="stmt" count="1"/>
      <line num="218" type="stmt" count="1"/>
      <line num="220" type="stmt" count="1"/>
      <line num="228" type="method" name="fromStorage" visibility="public" complexity="3" crap="3" count="18"/>
      <line num="235" type="stmt" count="18"/>
      <line num="236" type="stmt" count="12"/>
      <line num="240" type="stmt" count="18"/>
      <line num="243" type="stmt" count="18"/>
      <line num="244" type="stmt" count="7"/>
      <line num="245" type="stmt" count="18"/>
      <line num="248" type="stmt" count="18"/>
      <line num="249" type="stmt" count="9"/>
      <line num="250" type="stmt" count="18"/>
      <line num="253" type="stmt" count="18"/>
      <line num="254" type="stmt" count="18"/>
      <line num="255" type="stmt" count="18"/>
      <line num="258" type="stmt" count="18"/>
      <line num="259" type="stmt" count="12"/>
      <line num="263" type="stmt" count="18"/>
      <line num="264" type="stmt" count="18"/>
      <line num="265" type="stmt" count="18"/>
      <line num="273" type="method" name="unserializeFromStorage" visibility="public" complexity="1" crap="1" count="18"/>
      <line num="275" type="stmt" count="18"/>
      <line num="283" type="method" name="fromArray" visibility="public" complexity="1" crap="1" count="18"/>
      <line num="285" type="stmt" count="18"/>
      <line num="293" type="method" name="unmapAttributes" visibility="public" complexity="1" crap="1" count="18"/>
      <line num="295" type="stmt" count="18"/>
      <line num="297" type="stmt" count="18"/>
      <line num="305" type="method" name="unmapJsonToArray" visibility="protected" complexity="4" crap="4.13" count="18"/>
      <line num="307" type="stmt" count="18"/>
      <line num="309" type="stmt" count="18"/>
      <line num="310" type="stmt" count="18"/>
      <line num="311" type="stmt" count="0"/>
      <line num="315" type="stmt" count="18"/>
      <line num="323" type="method" name="unmapSoftDeletes" visibility="protected" complexity="3" crap="3" count="18"/>
      <line num="325" type="stmt" count="18"/>
      <line num="326" type="stmt" count="14"/>
      <line num="329" type="stmt" count="4"/>
      <line num="331" type="stmt" count="4"/>
      <line num="332" type="stmt" count="2"/>
      <line num="333" type="stmt" count="2"/>
      <line num="335" type="stmt" count="4"/>
      <line num="337" type="stmt" count="4"/>
      <line num="345" type="method" name="updateOrCreate" visibility="public" complexity="7" crap="7" count="18"/>
      <line num="348" type="stmt" count="18"/>
      <line num="351" type="stmt" count="18"/>
      <line num="352" type="stmt" count="18"/>
      <line num="353" type="stmt" count="18"/>
      <line num="356" type="stmt" count="18"/>
      <line num="357" type="stmt" count="18"/>
      <line num="361" type="stmt" count="18"/>
      <line num="364" type="stmt" count="18"/>
      <line num="367" type="stmt" count="18"/>
      <line num="368" type="stmt" count="1"/>
      <line num="372" type="stmt" count="18"/>
      <line num="373" type="stmt" count="16"/>
      <line num="377" type="stmt" count="18"/>
      <line num="378" type="stmt" count="12"/>
      <line num="382" type="stmt" count="18"/>
      <line num="391" type="method" name="allowUpdateOrCreate" visibility="protected" complexity="4" crap="4" count="18"/>
      <line num="393" type="stmt" count="18"/>
      <line num="394" type="stmt" count="18"/>
      <line num="402" type="method" name="softDeletes" visibility="public" complexity="2" crap="2" count="23"/>
      <line num="404" type="stmt" count="23"/>
      <line num="405" type="stmt" count="23"/>
      <line num="413" type="method" name="omitPrimaryKey" visibility="public" complexity="1" crap="1" count="22"/>
      <line num="415" type="stmt" count="22"/>
      <line num="423" type="method" name="omit" visibility="public" complexity="2" crap="2" count="22"/>
      <line num="426" type="stmt" count="22"/>
      <line num="429" type="stmt" count="22"/>
      <line num="430" type="stmt" count="22"/>
      <line num="431" type="stmt" count="22"/>
      <line num="432" type="stmt" count="22"/>
      <line num="433" type="stmt" count="22"/>
      <line num="441" type="method" name="allowCreating" visibility="public" complexity="1" crap="1" count="8"/>
      <line num="443" type="stmt" count="8"/>
      <line num="451" type="method" name="allowUpdating" visibility="public" complexity="1" crap="1" count="12"/>
      <line num="453" type="stmt" count="12"/>
      <line num="461" type="method" name="allowDeleting" visibility="public" complexity="1" crap="1" count="18"/>
      <line num="463" type="stmt" count="18"/>
      <line num="471" type="method" name="newDeleteQuery" visibility="public" complexity="1" crap="1" count="12"/>
      <line num="473" type="stmt" count="12"/>
      <metrics loc="476" ncloc="281" classes="1" methods="24" coveredmethods="22" conditionals="0" coveredconditionals="0" statements="99" coveredstatements="96" elements="123" coveredelements="118"/>
    </file>
    <file name="/var/www/html/packages/reedware/laravel-seeders/src/Concerns/CreatesReaders.php">
      <class name="Reedware\LaravelSeeders\Concerns\CreatesReaders" namespace="global">
        <metrics complexity="4" methods="3" coveredmethods="1" conditionals="0" coveredconditionals="0" statements="7" coveredstatements="4" elements="10" coveredelements="5"/>
      </class>
      <line num="21" type="method" name="newReaderFor" visibility="public" complexity="1" crap="1" count="18"/>
      <line num="24" type="stmt" count="18"/>
      <line num="27" type="stmt" count="18"/>
      <line num="35" type="method" name="createReader" visibility="protected" complexity="2" crap="2.15" count="18"/>
      <line num="38" type="stmt" count="18"/>
      <line num="39" type="stmt" count="0"/>
      <line num="43" type="stmt" count="18"/>
      <line num="51" type="method" name="readUsing" visibility="public" complexity="1" crap="2" count="0"/>
      <line num="53" type="stmt" count="0"/>
      <line num="55" type="stmt" count="0"/>
      <metrics loc="58" ncloc="36" classes="1" methods="3" coveredmethods="1" conditionals="0" coveredconditionals="0" statements="7" coveredstatements="4" elements="10" coveredelements="5"/>
    </file>
    <file name="/var/www/html/packages/reedware/laravel-seeders/src/Concerns/CreatesWriters.php">
      <class name="Reedware\LaravelSeeders\Concerns\CreatesWriters" namespace="global">
        <metrics complexity="4" methods="3" coveredmethods="1" conditionals="0" coveredconditionals="0" statements="7" coveredstatements="4" elements="10" coveredelements="5"/>
      </class>
      <line num="21" type="method" name="newWriterFor" visibility="public" complexity="1" crap="1" count="4"/>
      <line num="24" type="stmt" count="4"/>
      <line num="27" type="stmt" count="4"/>
      <line num="35" type="method" name="createWriter" visibility="protected" complexity="2" crap="2.15" count="4"/>
      <line num="38" type="stmt" count="4"/>
      <line num="39" type="stmt" count="0"/>
      <line num="43" type="stmt" count="4"/>
      <line num="51" type="method" name="writeUsing" visibility="public" complexity="1" crap="2" count="0"/>
      <line num="53" type="stmt" count="0"/>
      <line num="55" type="stmt" count="0"/>
      <metrics loc="58" ncloc="36" classes="1" methods="3" coveredmethods="1" conditionals="0" coveredconditionals="0" statements="7" coveredstatements="4" elements="10" coveredelements="5"/>
    </file>
    <file name="/var/www/html/packages/reedware/laravel-seeders/src/Concerns/ResolvesFilenames.php">
      <class name="Reedware\LaravelSeeders\Concerns\ResolvesFilenames" namespace="global">
        <metrics complexity="17" methods="7" coveredmethods="6" conditionals="0" coveredconditionals="0" statements="25" coveredstatements="23" elements="32" coveredelements="29"/>
      </class>
      <line num="36" type="method" name="filename" visibility="public" complexity="3" crap="3" count="26"/>
      <line num="38" type="stmt" count="26"/>
      <line num="40" type="stmt" count="26"/>
      <line num="41" type="stmt" count="2"/>
      <line num="44" type="stmt" count="26"/>
      <line num="53" type="method" name="getFilenameFor" visibility="public" complexity="7" crap="7.23" count="28"/>
      <line num="56" type="stmt" count="28"/>
      <line num="57" type="stmt" count="0"/>
      <line num="61" type="stmt" count="28"/>
      <line num="62" type="stmt" count="0"/>
      <line num="66" type="stmt" count="28"/>
      <line num="67" type="stmt" count="26"/>
      <line num="71" type="stmt" count="25"/>
      <line num="72" type="stmt" count="25"/>
      <line num="73" type="stmt" count="1"/>
      <line num="78" type="stmt" count="24"/>
      <line num="79" type="stmt" count="23"/>
      <line num="83" type="stmt" count="1"/>
      <line num="91" type="method" name="guessFilename" visibility="protected" complexity="2" crap="2" count="25"/>
      <line num="94" type="stmt" count="25"/>
      <line num="95" type="stmt" count="1"/>
      <line num="99" type="stmt" count="24"/>
      <line num="107" type="method" name="guessFilenameUsingBasename" visibility="public" complexity="1" crap="1" count="24"/>
      <line num="109" type="stmt" count="24"/>
      <line num="117" type="method" name="guessFilenamesUsing" visibility="public" complexity="1" crap="1" count="1"/>
      <line num="119" type="stmt" count="1"/>
      <line num="121" type="stmt" count="1"/>
      <line num="130" type="method" name="rootPath" visibility="public" complexity="2" crap="2" count="29"/>
      <line num="132" type="stmt" count="29"/>
      <line num="141" type="method" name="setRootPath" visibility="public" complexity="1" crap="1" count="35"/>
      <line num="143" type="stmt" count="35"/>
      <line num="145" type="stmt" count="35"/>
      <metrics loc="148" ncloc="87" classes="1" methods="7" coveredmethods="6" conditionals="0" coveredconditionals="0" statements="25" coveredstatements="23" elements="32" coveredelements="29"/>
    </file>
    <file name="/var/www/html/packages/reedware/laravel-seeders/src/Contracts/Factory.php">
      <metrics loc="36" ncloc="15" classes="0" methods="0" coveredmethods="0" conditionals="0" coveredconditionals="0" statements="0" coveredstatements="0" elements="0" coveredelements="0"/>
    </file>
    <file name="/var/www/html/packages/reedware/laravel-seeders/src/Contracts/Reader.php">
      <metrics loc="14" ncloc="11" classes="0" methods="0" coveredmethods="0" conditionals="0" coveredconditionals="0" statements="0" coveredstatements="0" elements="0" coveredelements="0"/>
    </file>
    <file name="/var/www/html/packages/reedware/laravel-seeders/src/Contracts/Writer.php">
      <metrics loc="17" ncloc="11" classes="0" methods="0" coveredmethods="0" conditionals="0" coveredconditionals="0" statements="0" coveredstatements="0" elements="0" coveredelements="0"/>
    </file>
    <file name="/var/www/html/packages/reedware/laravel-seeders/src/CsvReader.php">
      <class name="Reedware\LaravelSeeders\CsvReader" namespace="global">
        <metrics complexity="4" methods="2" coveredmethods="2" conditionals="0" coveredconditionals="0" statements="10" coveredstatements="10" elements="12" coveredelements="12"/>
      </class>
      <line num="23" type="method" name="__construct" visibility="public" complexity="1" crap="1" count="18"/>
      <line num="25" type="stmt" count="18"/>
      <line num="31" type="method" name="read" visibility="public" complexity="3" crap="3" count="18"/>
      <line num="33" type="stmt" count="18"/>
      <line num="36" type="stmt" count="18"/>
      <line num="39" type="stmt" count="18"/>
      <line num="42" type="stmt" count="18"/>
      <line num="43" type="stmt" count="18"/>
      <line num="44" type="stmt" count="18"/>
      <line num="45" type="stmt" count="18"/>
      <line num="49" type="stmt" count="18"/>
      <line num="50" type="stmt" count="18"/>
      <metrics loc="53" ncloc="36" classes="1" methods="2" coveredmethods="2" conditionals="0" coveredconditionals="0" statements="10" coveredstatements="10" elements="12" coveredelements="12"/>
    </file>
    <file name="/var/www/html/packages/reedware/laravel-seeders/src/CsvWriter.php">
      <class name="Reedware\LaravelSeeders\CsvWriter" namespace="global">
        <metrics complexity="3" methods="2" coveredmethods="2" conditionals="0" coveredconditionals="0" statements="10" coveredstatements="10" elements="12" coveredelements="12"/>
      </class>
      <line num="22" type="method" name="__construct" visibility="public" complexity="1" crap="1" count="4"/>
      <line num="24" type="stmt" count="4"/>
      <line num="32" type="method" name="write" visibility="public" complexity="2" crap="2" count="4"/>
      <line num="35" type="stmt" count="4"/>
      <line num="38" type="stmt" count="4"/>
      <line num="41" type="stmt" count="4"/>
      <line num="44" type="stmt" count="4"/>
      <line num="46" type="stmt" count="4"/>
      <line num="49" type="stmt" count="4"/>
      <line num="53" type="stmt" count="4"/>
      <line num="54" type="stmt" count="4"/>
      <line num="57" type="stmt" count="4"/>
      <metrics loc="60" ncloc="37" classes="1" methods="2" coveredmethods="2" conditionals="0" coveredconditionals="0" statements="10" coveredstatements="10" elements="12" coveredelements="12"/>
    </file>
    <file name="/var/www/html/packages/reedware/laravel-seeders/src/DeleteMissing.php">
      <class name="Reedware\LaravelSeeders\DeleteMissing" namespace="global">
        <metrics complexity="8" methods="6" coveredmethods="5" conditionals="0" coveredconditionals="0" statements="13" coveredstatements="12" elements="19" coveredelements="17"/>
      </class>
      <line num="24" type="method" name="prepare" visibility="public" complexity="2" crap="2" count="12"/>
      <line num="26" type="stmt" count="12"/>
      <line num="27" type="stmt" count="1"/>
      <line num="34" type="method" name="resolveRepository" visibility="protected" complexity="2" crap="2.15" count="1"/>
      <line num="36" type="stmt" count="1"/>
      <line num="37" type="stmt" count="0"/>
      <line num="40" type="stmt" count="1"/>
      <line num="46" type="method" name="keep" visibility="public" complexity="1" crap="1" count="12"/>
      <line num="48" type="stmt" count="12"/>
      <line num="54" type="method" name="finish" visibility="public" complexity="1" crap="1" count="12"/>
      <line num="57" type="stmt" count="12"/>
      <line num="60" type="stmt" count="12"/>
      <line num="63" type="stmt" count="12"/>
      <line num="69" type="method" name="query" visibility="public" complexity="1" crap="1" count="12"/>
      <line num="72" type="stmt" count="12"/>
      <line num="75" type="stmt" count="12"/>
      <line num="78" type="stmt" count="12"/>
      <line num="84" type="method" name="setRepositoryResolver" visibility="public" complexity="1" crap="1" count="35"/>
      <line num="86" type="stmt" count="35"/>
      <metrics loc="89" ncloc="59" classes="1" methods="6" coveredmethods="5" conditionals="0" coveredconditionals="0" statements="13" coveredstatements="12" elements="19" coveredelements="17"/>
    </file>
    <file name="/var/www/html/packages/reedware/laravel-seeders/src/Factory.php">
      <class name="Reedware\LaravelSeeders\Factory" namespace="global">
        <metrics complexity="1" methods="1" coveredmethods="1" conditionals="0" coveredconditionals="0" statements="1" coveredstatements="1" elements="2" coveredelements="2"/>
      </class>
      <line num="19" type="method" name="__construct" visibility="public" complexity="1" crap="1" count="35"/>
      <line num="21" type="stmt" count="35"/>
      <metrics loc="24" ncloc="18" classes="1" methods="1" coveredmethods="1" conditionals="0" coveredconditionals="0" statements="1" coveredstatements="1" elements="2" coveredelements="2"/>
    </file>
    <file name="/var/www/html/packages/reedware/laravel-seeders/src/Resource.php">
      <class name="Reedware\LaravelSeeders\Resource" namespace="global">
        <metrics complexity="0" methods="0" coveredmethods="0" conditionals="0" coveredconditionals="0" statements="0" coveredstatements="0" elements="0" coveredelements="0"/>
      </class>
      <metrics loc="9" ncloc="9" classes="0" methods="0" coveredmethods="0" conditionals="0" coveredconditionals="0" statements="0" coveredstatements="0" elements="0" coveredelements="0"/>
    </file>
    <file name="/var/www/html/packages/reedware/laravel-seeders/src/ResourceRepository.php">
      <class name="Reedware\LaravelSeeders\ResourceRepository" namespace="global">
        <metrics complexity="6" methods="5" coveredmethods="5" conditionals="0" coveredconditionals="0" statements="11" coveredstatements="11" elements="16" coveredelements="16"/>
      </class>
      <line num="24" type="method" name="__construct" visibility="public" complexity="1" crap="1" count="1"/>
      <line num="26" type="stmt" count="1"/>
      <line num="32" type="stmt" count="1"/>
      <line num="38" type="method" name="add" visibility="public" complexity="1" crap="1" count="12"/>
      <line num="40" type="stmt" count="12"/>
      <line num="42" type="stmt" count="12"/>
      <line num="48" type="method" name="pull" visibility="public" complexity="2" crap="2" count="12"/>
      <line num="50" type="stmt" count="12"/>
      <line num="52" type="stmt" count="12"/>
      <line num="53" type="stmt" count="12"/>
      <line num="56" type="stmt" count="12"/>
      <line num="58" type="stmt" count="12"/>
      <line num="64" type="method" name="count" visibility="public" complexity="1" crap="1" count="12"/>
      <line num="66" type="stmt" count="12"/>
      <line num="72" type="method" name="increment" visibility="public" complexity="1" crap="1" count="12"/>
      <line num="74" type="stmt" count="12"/>
      <metrics loc="77" ncloc="53" classes="1" methods="5" coveredmethods="5" conditionals="0" coveredconditionals="0" statements="11" coveredstatements="11" elements="16" coveredelements="16"/>
    </file>
    <file name="/var/www/html/packages/reedware/laravel-seeders/src/ResourceSeeder.php">
      <class name="Reedware\LaravelSeeders\ResourceSeeder" namespace="global">
        <metrics complexity="1" methods="1" coveredmethods="1" conditionals="0" coveredconditionals="0" statements="1" coveredstatements="1" elements="2" coveredelements="2"/>
      </class>
      <line num="14" type="method" name="resource" visibility="public" complexity="1" crap="1" count="22"/>
      <line num="16" type="stmt" count="22"/>
      <metrics loc="19" ncloc="14" classes="1" methods="1" coveredmethods="1" conditionals="0" coveredconditionals="0" statements="1" coveredstatements="1" elements="2" coveredelements="2"/>
    </file>
    <file name="/var/www/html/packages/reedware/laravel-seeders/src/Seed.php">
      <class name="Reedware\LaravelSeeders\Seed" namespace="global">
        <metrics complexity="1" methods="1" coveredmethods="1" conditionals="0" coveredconditionals="0" statements="1" coveredstatements="1" elements="2" coveredelements="2"/>
      </class>
      <line num="14" type="method" name="getFacadeAccessor" visibility="protected" complexity="1" crap="1" count="35"/>
      <line num="16" type="stmt" count="35"/>
      <metrics loc="19" ncloc="14" classes="1" methods="1" coveredmethods="1" conditionals="0" coveredconditionals="0" statements="1" coveredstatements="1" elements="2" coveredelements="2"/>
    </file>
    <file name="/var/www/html/packages/reedware/laravel-seeders/src/Seeder.php">
      <class name="Reedware\LaravelSeeders\Seeder" namespace="global">
        <metrics complexity="11" methods="6" coveredmethods="4" conditionals="0" coveredconditionals="0" statements="30" coveredstatements="8" elements="36" coveredelements="12"/>
      </class>
      <line num="19" type="method" name="call" visibility="public" complexity="6" crap="42" count="0"/>
      <line num="21" type="stmt" count="0"/>
      <line num="23" type="stmt" count="0"/>
      <line num="24" type="stmt" count="0"/>
      <line num="26" type="stmt" count="0"/>
      <line num="28" type="stmt" count="0"/>
      <line num="29" type="stmt" count="0"/>
      <line num="32" type="stmt" count="0"/>
      <line num="34" type="stmt" count="0"/>
      <line num="36" type="stmt" count="0"/>
      <line num="38" type="stmt" count="0"/>
      <line num="39" type="stmt" count="0"/>
      <line num="40" type="stmt" count="0"/>
      <line num="41" type="stmt" count="0"/>
      <line num="42" type="stmt" count="0"/>
      <line num="43" type="stmt" count="0"/>
      <line num="44" type="stmt" count="0"/>
      <line num="45" type="stmt" count="0"/>
      <line num="46" type="stmt" count="0"/>
      <line num="47" type="stmt" count="0"/>
      <line num="48" type="stmt" count="0"/>
      <line num="52" type="stmt" count="0"/>
      <line num="60" type="method" name="run" visibility="public" complexity="1" crap="1" count="18"/>
      <line num="62" type="stmt" count="18"/>
      <line num="70" type="method" name="fromResourceStorage" visibility="protected" complexity="1" crap="1" count="18"/>
      <line num="73" type="stmt" count="18"/>
      <line num="76" type="stmt" count="18"/>
      <line num="79" type="stmt" count="18"/>
      <line num="87" type="method" name="generate" visibility="public" complexity="1" crap="1" count="4"/>
      <line num="89" type="stmt" count="4"/>
      <line num="97" type="method" name="toResourceStorage" visibility="protected" complexity="1" crap="1" count="4"/>
      <line num="100" type="stmt" count="4"/>
      <line num="103" type="stmt" count="4"/>
      <line num="106" type="stmt" count="4"/>
      <line num="114" type="method" name="resource" visibility="public" complexity="1" crap="2" count="0"/>
      <line num="116" type="stmt" count="0"/>
      <metrics loc="119" ncloc="81" classes="1" methods="6" coveredmethods="4" conditionals="0" coveredconditionals="0" statements="30" coveredstatements="8" elements="36" coveredelements="12"/>
    </file>
    <file name="/var/www/html/packages/reedware/laravel-seeders/src/SeederServiceProvider.php">
      <class name="Reedware\LaravelSeeders\SeederServiceProvider" namespace="global">
        <metrics complexity="7" methods="6" coveredmethods="4" conditionals="0" coveredconditionals="0" statements="21" coveredstatements="17" elements="27" coveredelements="21"/>
      </class>
      <line num="15" type="method" name="register" visibility="public" complexity="1" crap="1" count="35"/>
      <line num="17" type="stmt" count="35"/>
      <line num="18" type="stmt" count="35"/>
      <line num="26" type="method" name="registerFactory" visibility="protected" complexity="1" crap="1" count="35"/>
      <line num="28" type="stmt" count="35"/>
      <line num="29" type="stmt" count="35"/>
      <line num="30" type="stmt" count="35"/>
      <line num="32" type="stmt" count="35"/>
      <line num="40" type="method" name="registerResourceRepository" visibility="protected" complexity="1" crap="1" count="35"/>
      <line num="42" type="stmt" count="35"/>
      <line num="43" type="stmt" count="1"/>
      <line num="44" type="stmt" count="35"/>
      <line num="52" type="method" name="boot" visibility="public" complexity="1" crap="1" count="35"/>
      <line num="54" type="stmt" count="35"/>
      <line num="56" type="stmt" count="35"/>
      <line num="57" type="stmt" count="1"/>
      <line num="58" type="stmt" count="35"/>
      <line num="66" type="method" name="bootCommands" visibility="protected" complexity="2" crap="2.03" count="35"/>
      <line num="68" type="stmt" count="35"/>
      <line num="69" type="stmt" count="0"/>
      <line num="72" type="stmt" count="35"/>
      <line num="73" type="stmt" count="35"/>
      <line num="74" type="stmt" count="35"/>
      <line num="82" type="method" name="provides" visibility="public" complexity="1" crap="2" count="0"/>
      <line num="84" type="stmt" count="0"/>
      <line num="85" type="stmt" count="0"/>
      <line num="86" type="stmt" count="0"/>
      <metrics loc="89" ncloc="59" classes="1" methods="6" coveredmethods="4" conditionals="0" coveredconditionals="0" statements="21" coveredstatements="17" elements="27" coveredelements="21"/>
    </file>
    <metrics files="18" loc="1442" ncloc="909" classes="14" methods="69" coveredmethods="56" conditionals="0" coveredconditionals="0" statements="251" coveredstatements="211" elements="320" coveredelements="267"/>
  </project>
</coverage>
